\BOOKMARK [0][-]{chapter*.3}{\376\377\000R\000e\000m\000e\000r\000c\000i\000e\000m\000e\000n\000t\000s}{}% 1
\BOOKMARK [0][-]{chapter.1}{\376\377\000P\000r\000\351\000s\000e\000n\000t\000a\000t\000i\000o\000n\000\040\000d\000e\000\040\000l\000'\000u\000n\000i\000t\000\351\000\040\000d\000'\000a\000c\000c\000u\000e\000i\000l}{}% 2
\BOOKMARK [1][-]{section.1.1}{\376\377\000I\000n\000t\000r\000o\000d\000u\000c\000t\000i\000o\000n}{chapter.1}% 3
\BOOKMARK [1][-]{section.1.2}{\376\377\000M\000i\000s\000s\000i\000o\000n\000s\000\040\000d\000e\000\040\000l\000'\000E\000C\000R\000M\000T}{chapter.1}% 4
\BOOKMARK [1][-]{section.1.3}{\376\377\000S\000t\000r\000u\000c\000t\000u\000r\000e\000\040\000O\000r\000g\000a\000n\000i\000s\000a\000t\000i\000o\000n\000n\000e\000l\000l\000e\000\040\000d\000e\000\040\000l\000'\000E\000C\000R\000M\000T}{chapter.1}% 5
\BOOKMARK [2][-]{subsection.1.3.1}{\376\377\000D\000\351\000p\000a\000r\000t\000e\000m\000e\000n\000t\000\040\000d\000'\000A\000s\000s\000e\000m\000b\000l\000a\000g\000e\000\040\000d\000e\000s\000\040\000M\000o\000y\000e\000n\000s\000\040\000d\000e\000\040\000C\000o\000m\000m\000u\000t\000a\000t\000i\000o\000n}{section.1.3}% 6
\BOOKMARK [2][-]{subsection.1.3.2}{\376\377\000P\000r\000o\000c\000e\000s\000s\000u\000s\000\040\000d\000'\000a\000s\000s\000e\000m\000b\000l\000a\000g\000e}{section.1.3}% 7
\BOOKMARK [2][-]{subsection.1.3.3}{\376\377\000L\000i\000g\000n\000e\000s\000\040\000d\000'\000a\000s\000s\000e\000m\000b\000l\000a\000g\000e\000\040\000d\000e\000s\000\040\000c\000a\000r\000t\000e\000s\000\040\000\351\000l\000e\000c\000t\000r\000o\000n\000i\000q\000u\000e\000s}{section.1.3}% 8
\BOOKMARK [2][-]{subsection.1.3.4}{\376\377\000L\000i\000g\000n\000e\000s\000\040\000d\000'\000a\000s\000s\000e\000m\000b\000l\000a\000g\000e\000\040\000f\000i\000n\000a\000l}{section.1.3}% 9
\BOOKMARK [1][-]{section.1.4}{\376\377\000Q\000u\000a\000l\000i\000t\000\351\000\040\000e\000t\000\040\000I\000n\000g\000\351\000n\000i\000e\000r\000i\000e}{chapter.1}% 10
\BOOKMARK [1][-]{section.1.5}{\376\377\000L\000a\000b\000o\000r\000a\000t\000o\000i\000r\000e\000\040\000C\000e\000n\000t\000r\000a\000l\000\040\000d\000e\000\040\000R\000e\000c\000h\000e\000r\000c\000h\000e\000\040\000e\000t\000\040\000D\000\351\000v\000e\000l\000o\000p\000p\000e\000m\000e\000n\000t}{chapter.1}% 11
\BOOKMARK [2][-]{subsection.1.5.1}{\376\377\000O\000r\000g\000a\000n\000i\000s\000a\000t\000i\000o\000n\000\040\000d\000u\000\040\000L\000a\000b\000o\000r\000a\000t\000o\000i\000r\000e\000\040\000C\000e\000n\000t\000r\000a\000l\000\040\000R\000\046\000D}{section.1.5}% 12
\BOOKMARK [2][-]{subsection.1.5.2}{\376\377\000M\000i\000s\000s\000i\000o\000n\000s\000\040\000e\000t\000\040\000a\000c\000t\000i\000v\000i\000t\000\351\000s\000\040\000d\000u\000\040\000L\000a\000b\000o\000r\000a\000t\000o\000i\000r\000e\000\040\000C\000e\000n\000t\000r\000a\000l\000\040\000R\000\046\000D}{section.1.5}% 13
\BOOKMARK [2][-]{subsection.1.5.3}{\376\377\000I\000n\000f\000r\000a\000s\000t\000r\000u\000c\000t\000u\000r\000e\000\040\000d\000u\000\040\000L\000a\000b\000o\000r\000a\000t\000o\000i\000r\000e\000\040\000C\000e\000n\000t\000r\000a\000l\000\040\000R\000\046\000D}{section.1.5}% 14
\BOOKMARK [2][-]{subsection.1.5.4}{\376\377\000O\000b\000j\000e\000c\000t\000i\000f\000s\000\040\000\340\000\040\000l\000o\000n\000g\000\040\000t\000e\000r\000m\000e}{section.1.5}% 15
\BOOKMARK [0][-]{chapter.2}{\376\377\000E\000t\000u\000d\000e\000\040\000d\000e\000\040\000l\000'\000e\000x\000i\000s\000t\000a\000n\000t\000\040\000e\000t\000\040\000p\000r\000o\000p\000o\000s\000i\000t\000i\000o\000n\000\040\000d\000e\000\040\000s\000o\000l\000u\000t\000i\000o\000n}{}% 16
\BOOKMARK [1][-]{section.2.1}{\376\377\000P\000r\000o\000b\000l\000\351\000m\000a\000t\000i\000q\000u\000e}{chapter.2}% 17
\BOOKMARK [1][-]{section.2.2}{\376\377\000\311\000t\000u\000d\000e\000\040\000d\000u\000\040\000s\000y\000s\000t\000\350\000m\000e\000\040\000d\000e\000\040\000g\000e\000s\000t\000i\000o\000n\000\040\000d\000e\000\040\000c\000o\000u\000r\000r\000i\000e\000r\000\040\000a\000c\000t\000u\000e\000l}{chapter.2}% 18
\BOOKMARK [1][-]{section.2.3}{\376\377\000P\000r\000o\000p\000o\000s\000i\000t\000i\000o\000n\000\040\000d\000e\000\040\000s\000o\000l\000u\000t\000i\000o\000n}{chapter.2}% 19
\BOOKMARK [0][-]{chapter.3}{\376\377\000G\000\351\000n\000\351\000r\000a\000l\000i\000t\000\351\000s\000\040\000s\000u\000r\000\040\000l\000e\000\040\000c\000o\000u\000r\000r\000i\000e\000r}{}% 20
\BOOKMARK [1][-]{section.3.1}{\376\377\000I\000n\000t\000r\000o\000d\000u\000c\000t\000i\000o\000n}{chapter.3}% 21
\BOOKMARK [1][-]{section.3.2}{\376\377\000D\000\351\000f\000i\000n\000i\000t\000i\000o\000n\000\040\000d\000u\000\040\000c\000o\000u\000r\000r\000i\000e\000r}{chapter.3}% 22
\BOOKMARK [1][-]{section.3.3}{\376\377\000D\000\351\000f\000i\000s\000\040\000d\000e\000\040\000l\000a\000\040\000g\000e\000s\000t\000i\000o\000n\000\040\000d\000u\000\040\000c\000o\000u\000r\000r\000i\000e\000r}{chapter.3}% 23
\BOOKMARK [1][-]{section.3.4}{\376\377\000I\000m\000p\000o\000r\000t\000a\000n\000c\000e\000\040\000d\000u\000\040\000c\000o\000u\000r\000r\000i\000e\000r\000\040\000\351\000l\000e\000c\000t\000r\000o\000n\000i\000q\000u\000e}{chapter.3}% 24
\BOOKMARK [1][-]{section.3.5}{\376\377\000C\000o\000n\000c\000l\000u\000s\000i\000o\000n}{chapter.3}% 25
\BOOKMARK [0][-]{chapter.4}{\376\377\000G\000\351\000n\000\351\000r\000a\000l\000i\000t\000\351\000s\000\040\000U\000M\000L\000\040\000e\000t\000\040\000C\000o\000n\000c\000e\000p\000t\000i\000o\000n\000\040\000d\000u\000\040\000s\000y\000s\000t\000\350\000m\000e}{}% 26
\BOOKMARK [1][-]{section.4.1}{\376\377\000L\000e\000\040\000l\000a\000n\000g\000a\000g\000e\000\040\000U\000M\000L}{chapter.4}% 27
\BOOKMARK [2][-]{subsection.4.1.1}{\376\377\000D\000\351\000f\000i\000n\000i\000t\000i\000o\000n}{section.4.1}% 28
\BOOKMARK [2][-]{subsection.4.1.2}{\376\377\000C\000a\000r\000a\000c\000t\000\351\000r\000i\000s\000t\000i\000q\000u\000e\000s\000\040\000d\040\031\000U\000M\000L}{section.4.1}% 29
\BOOKMARK [2][-]{subsection.4.1.3}{\376\377\000L\000e\000s\000\040\000p\000o\000i\000n\000t\000s\000\040\000f\000o\000r\000t\000s\000\040\000e\000t\000\040\000f\000a\000i\000b\000l\000e\000s\000\040\000d\040\031\000U\000M\000L}{section.4.1}% 30
\BOOKMARK [3][-]{subsubsection.4.1.3.1}{\376\377\000L\000e\000s\000\040\000p\000o\000i\000n\000t\000s\000\040\000f\000o\000r\000t\000s\000\040\000d\040\031\000U\000M\000L}{subsection.4.1.3}% 31
\BOOKMARK [3][-]{subsubsection.4.1.3.2}{\376\377\000L\000e\000s\000\040\000p\000o\000i\000n\000t\000s\000\040\000f\000a\000i\000b\000l\000e\000s\000\040\000d\040\031\000U\000M\000L}{subsection.4.1.3}% 32
\BOOKMARK [1][-]{section.4.2}{\376\377\000C\000o\000n\000c\000e\000p\000t\000i\000o\000n\000\040\000d\000u\000\040\000s\000y\000s\000t\000\350\000m\000e}{chapter.4}% 33
\BOOKMARK [2][-]{subsection.4.2.1}{\376\377\000\311\000t\000u\000d\000e\000\040\000p\000r\000\351\000l\000i\000m\000i\000n\000a\000i\000r\000e}{section.4.2}% 34
\BOOKMARK [3][-]{subsubsection.4.2.1.1}{\376\377\000I\000d\000e\000n\000t\000i\000f\000i\000c\000a\000t\000i\000o\000n\000\040\000d\000e\000s\000\040\000a\000c\000t\000e\000u\000r\000s}{subsection.4.2.1}% 35
\BOOKMARK [3][-]{subsubsection.4.2.1.2}{\376\377\000I\000d\000e\000n\000t\000i\000f\000i\000c\000a\000t\000i\000o\000n\000\040\000d\000e\000s\000\040\000f\000o\000n\000c\000t\000i\000o\000n\000n\000a\000l\000i\000t\000\351\000s}{subsection.4.2.1}% 36
\BOOKMARK [2][-]{subsection.4.2.2}{\376\377\000D\000i\000a\000g\000r\000a\000m\000m\000e\000\040\000d\000e\000\040\000c\000l\000a\000s\000s\000e\000s}{section.4.2}% 37
\BOOKMARK [2][-]{subsection.4.2.3}{\376\377\000D\000i\000a\000g\000r\000a\000m\000m\000e\000s\000\040\000d\000e\000\040\000c\000a\000s\000\040\000d\040\031\000u\000t\000i\000l\000i\000s\000a\000t\000i\000o\000n}{section.4.2}% 38
\BOOKMARK [3][-]{subsubsection.4.2.3.1}{\376\377\000D\000i\000a\000g\000r\000a\000m\000m\000e\000\040\000d\000e\000\040\000c\000a\000s\000\040\000d\040\031\000u\000t\000i\000l\000i\000s\000a\000t\000i\000o\000n\000\040\000g\000l\000o\000b\000a\000l}{subsection.4.2.3}% 39
\BOOKMARK [3][-]{subsubsection.4.2.3.2}{\376\377\000D\000i\000a\000g\000r\000a\000m\000m\000e\000\040\000d\000e\000\040\000c\000a\000s\000\040\000d\040\031\000u\000t\000i\000l\000i\000s\000a\000t\000i\000o\000n\000\040\000d\000e\000\040\000l\040\031\000a\000d\000m\000i\000n\000i\000s\000t\000r\000a\000t\000e\000u\000r}{subsection.4.2.3}% 40
\BOOKMARK [3][-]{subsubsection.4.2.3.3}{\376\377\000D\000i\000a\000g\000r\000a\000m\000m\000e\000\040\000d\000e\000\040\000c\000a\000s\000\040\000d\040\031\000u\000t\000i\000l\000i\000s\000a\000t\000i\000o\000n\000\040\000d\000u\000\040\000c\000h\000e\000f\000\040\000g\000\351\000n\000\351\000r\000a\000l}{subsection.4.2.3}% 41
\BOOKMARK [3][-]{subsubsection.4.2.3.4}{\376\377\000D\000i\000a\000g\000r\000a\000m\000m\000e\000\040\000d\000e\000\040\000c\000a\000s\000\040\000d\040\031\000u\000t\000i\000l\000i\000s\000a\000t\000i\000o\000n\000\040\000d\000e\000\040\000l\000a\000\040\000s\000e\000c\000r\000\351\000t\000a\000i\000r\000e\000\040\000g\000\351\000n\000\351\000r\000a\000l\000e}{subsection.4.2.3}% 42
\BOOKMARK [3][-]{subsubsection.4.2.3.5}{\376\377\000D\000i\000a\000g\000r\000a\000m\000m\000e\000\040\000d\000e\000\040\000c\000a\000s\000\040\000d\040\031\000u\000t\000i\000l\000i\000s\000a\000t\000i\000o\000n\000\040\000d\000u\000\040\000c\000h\000e\000f\000\040\000d\040\031\000o\000r\000g\000a\000n\000e}{subsection.4.2.3}% 43
\BOOKMARK [3][-]{subsubsection.4.2.3.6}{\376\377\000D\000i\000a\000g\000r\000a\000m\000m\000e\000\040\000d\000e\000\040\000c\000a\000s\000\040\000d\040\031\000u\000t\000i\000l\000i\000s\000a\000t\000i\000o\000n\000\040\000d\000e\000\040\000l\000a\000\040\000s\000e\000c\000r\000\351\000t\000a\000i\000r\000e\000\040\000d\040\031\000o\000r\000g\000a\000n\000e}{subsection.4.2.3}% 44
\BOOKMARK [3][-]{subsubsection.4.2.3.7}{\376\377\000D\000i\000a\000g\000r\000a\000m\000m\000e\000\040\000d\000e\000\040\000c\000a\000s\000\040\000d\040\031\000u\000t\000i\000l\000i\000s\000a\000t\000i\000o\000n\000\040\000d\000e\000\040\000l\040\031\000a\000g\000e\000n\000t}{subsection.4.2.3}% 45
\BOOKMARK [2][-]{subsection.4.2.4}{\376\377\000D\000i\000a\000g\000r\000a\000m\000m\000e\000s\000\040\000d\000e\000\040\000s\000\351\000q\000u\000e\000n\000c\000e}{section.4.2}% 46
\BOOKMARK [3][-]{subsubsection.4.2.4.1}{\376\377\000D\000i\000a\000g\000r\000a\000m\000m\000e\000\040\000d\000e\000\040\000s\000\351\000q\000u\000e\000n\000c\000e\000\040\000d\040\031\000a\000u\000t\000h\000e\000n\000t\000i\000f\000i\000c\000a\000t\000i\000o\000n}{subsection.4.2.4}% 47
\BOOKMARK [3][-]{subsubsection.4.2.4.2}{\376\377\000D\000i\000a\000g\000r\000a\000m\000m\000e\000\040\000d\000e\000\040\000s\000\351\000q\000u\000e\000n\000c\000e\000\040\000d\000e\000\040\000c\000r\000\351\000a\000t\000i\000o\000n\000\040\000d\040\031\000u\000n\000\040\000c\000o\000u\000r\000r\000i\000e\000r}{subsection.4.2.4}% 48
\BOOKMARK [3][-]{subsubsection.4.2.4.3}{\376\377\000D\000i\000a\000g\000r\000a\000m\000m\000e\000\040\000d\000e\000\040\000s\000\351\000q\000u\000e\000n\000c\000e\000\040\000d\000e\000\040\000t\000r\000a\000n\000s\000m\000i\000s\000s\000i\000o\000n\000\040\000d\040\031\000u\000n\000\040\000c\000o\000u\000r\000r\000i\000e\000r}{subsection.4.2.4}% 49
\BOOKMARK [3][-]{subsubsection.4.2.4.4}{\376\377\000D\000i\000a\000g\000r\000a\000m\000m\000e\000\040\000d\000e\000\040\000s\000\351\000q\000u\000e\000n\000c\000e\000\040\000d\000e\000\040\000r\000\351\000p\000o\000n\000s\000e\000\040\000\340\000\040\000u\000n\000\040\000c\000o\000u\000r\000r\000i\000e\000r}{subsection.4.2.4}% 50
\BOOKMARK [3][-]{subsubsection.4.2.4.5}{\376\377\000D\000i\000a\000g\000r\000a\000m\000m\000e\000\040\000d\000e\000\040\000s\000\351\000q\000u\000e\000n\000c\000e\000\040\000d\040\031\000a\000r\000c\000h\000i\000v\000a\000g\000e\000\040\000d\040\031\000u\000n\000\040\000c\000o\000u\000r\000r\000i\000e\000r}{subsection.4.2.4}% 51
\BOOKMARK [3][-]{subsubsection.4.2.4.6}{\376\377\000D\000i\000a\000g\000r\000a\000m\000m\000e\000\040\000d\000e\000\040\000s\000\351\000q\000u\000e\000n\000c\000e\000\040\000d\000e\000\040\000r\000e\000c\000h\000e\000r\000c\000h\000e\000\040\000d\040\031\000u\000n\000\040\000c\000o\000u\000r\000r\000i\000e\000r}{subsection.4.2.4}% 52
\BOOKMARK [3][-]{subsubsection.4.2.4.7}{\376\377\000D\000i\000a\000g\000r\000a\000m\000m\000e\000\040\000d\000e\000\040\000s\000\351\000q\000u\000e\000n\000c\000e\000\040\000d\000e\000\040\000v\000a\000l\000i\000d\000a\000t\000i\000o\000n\000\040\000d\040\031\000u\000n\000\040\000c\000o\000u\000r\000r\000i\000e\000r}{subsection.4.2.4}% 53
\BOOKMARK [2][-]{subsection.4.2.5}{\376\377\000D\000i\000a\000g\000r\000a\000m\000m\000e\000\040\000d\040\031\000\351\000t\000a\000t\000s\000-\000t\000r\000a\000n\000s\000i\000t\000i\000o\000n\000s}{section.4.2}% 54
\BOOKMARK [0][-]{chapter.5}{\376\377\000R\000\351\000a\000l\000i\000s\000a\000t\000i\000o\000n\000\040\000e\000t\000\040\000I\000m\000p\000l\000\351\000m\000e\000n\000t\000a\000t\000i\000o\000n}{}% 55
\BOOKMARK [1][-]{section.5.1}{\376\377\000I\000n\000t\000r\000o\000d\000u\000c\000t\000i\000o\000n}{chapter.5}% 56
\BOOKMARK [1][-]{section.5.2}{\376\377\000E\000n\000v\000i\000r\000o\000n\000n\000e\000m\000e\000n\000t\000\040\000e\000t\000\040\000o\000u\000t\000i\000l\000s\000\040\000d\000e\000\040\000d\000\351\000v\000e\000l\000o\000p\000p\000e\000m\000e\000n\000t}{chapter.5}% 57
\BOOKMARK [2][-]{subsection.5.2.1}{\376\377\000L\000a\000r\000a\000v\000e\000l}{section.5.2}% 58
\BOOKMARK [3][-]{subsubsection.5.2.1.1}{\376\377\000E\000l\000o\000q\000u\000e\000n\000t\000\040\000O\000R\000M}{subsection.5.2.1}% 59
\BOOKMARK [3][-]{subsubsection.5.2.1.2}{\376\377\000L\000a\000r\000a\000v\000e\000l\000\040\000S\000a\000n\000c\000t\000u\000m}{subsection.5.2.1}% 60
\BOOKMARK [3][-]{subsubsection.5.2.1.3}{\376\377\000L\000a\000r\000a\000v\000e\000l\000\040\000R\000e\000v\000e\000r\000b}{subsection.5.2.1}% 61
\BOOKMARK [2][-]{subsection.5.2.2}{\376\377\000R\000e\000a\000c\000t}{section.5.2}% 62
\BOOKMARK [3][-]{subsubsection.5.2.2.1}{\376\377\000R\000e\000a\000c\000t\000\040\000R\000o\000u\000t\000e\000r\000\040\000D\000O\000M}{subsection.5.2.2}% 63
\BOOKMARK [3][-]{subsubsection.5.2.2.2}{\376\377\000A\000x\000i\000o\000s}{subsection.5.2.2}% 64
\BOOKMARK [2][-]{subsection.5.2.3}{\376\377\000T\000a\000i\000l\000w\000i\000n\000d\000\040\000C\000S\000S}{section.5.2}% 65
\BOOKMARK [2][-]{subsection.5.2.4}{\376\377\000P\000l\000a\000n\000t\000U\000M\000L}{section.5.2}% 66
\BOOKMARK [2][-]{subsection.5.2.5}{\376\377\000X\000A\000M\000P\000P}{section.5.2}% 67
\BOOKMARK [3][-]{subsubsection.5.2.5.1}{\376\377\000M\000a\000r\000i\000a\000D\000B\000\040\000/\000\040\000M\000y\000S\000Q\000L}{subsection.5.2.5}% 68
\BOOKMARK [3][-]{subsubsection.5.2.5.2}{\376\377\000A\000p\000a\000c\000h\000e\000\040\000S\000e\000r\000v\000e\000r}{subsection.5.2.5}% 69
\BOOKMARK [2][-]{subsection.5.2.6}{\376\377\000O\000C\000R}{section.5.2}% 70
\BOOKMARK [1][-]{section.5.3}{\376\377\000A\000P\000I\000\040\000R\000E\000S\000T\000f\000u\000l}{chapter.5}% 71
\BOOKMARK [1][-]{section.5.4}{\376\377\000C\000y\000c\000l\000e\000\040\000d\000e\000\040\000t\000r\000a\000i\000t\000e\000m\000e\000n\000t\000\040\000d\040\031\000u\000n\000e\000\040\000r\000e\000q\000u\000\352\000t\000e\000\040\000L\000a\000r\000a\000v\000e\000l}{chapter.5}% 72
\BOOKMARK [1][-]{section.5.5}{\376\377\000A\000p\000e\000r\000\347\000u\000\040\000d\000e\000\040\000l\000'\000a\000p\000p\000l\000i\000c\000a\000t\000i\000o\000n\000\040\000r\000\351\000a\000l\000i\000s\000\351\000e}{chapter.5}% 73
\BOOKMARK [2][-]{subsection.5.5.1}{\376\377\000T\000a\000b\000l\000e\000a\000u\000\040\000d\000e\000\040\000b\000o\000r\000d}{section.5.5}% 74
\BOOKMARK [2][-]{subsection.5.5.2}{\376\377\000G\000e\000s\000t\000i\000o\000n\000\040\000d\000e\000s\000\040\000c\000o\000u\000r\000r\000i\000e\000r\000s\000\040\000r\000e\000\347\000u\000s}{section.5.5}% 75
\BOOKMARK [3][-]{subsubsection.5.5.2.1}{\376\377\000C\000r\000\351\000a\000t\000i\000o\000n\000\040\000d\040\031\000u\000n\000\040\000n\000o\000u\000v\000e\000a\000u\000\040\000c\000o\000u\000r\000r\000i\000e\000r\000\040\000r\000e\000\347\000u}{subsection.5.5.2}% 76
\BOOKMARK [3][-]{subsubsection.5.5.2.2}{\376\377\000T\000r\000a\000n\000s\000m\000i\000s\000s\000i\000o\000n\000\040\000d\040\031\000u\000n\000\040\000c\000o\000u\000r\000r\000i\000e\000r}{subsection.5.5.2}% 77
\BOOKMARK [3][-]{subsubsection.5.5.2.3}{\376\377\000R\000\351\000p\000o\000n\000s\000e\000\040\000\340\000\040\000u\000n\000\040\000c\000o\000u\000r\000r\000i\000e\000r}{subsection.5.5.2}% 78
\BOOKMARK [3][-]{subsubsection.5.5.2.4}{\376\377\000A\000r\000c\000h\000i\000v\000a\000g\000e\000\040\000d\040\031\000u\000n\000\040\000c\000o\000u\000r\000r\000i\000e\000r}{subsection.5.5.2}% 79
\BOOKMARK [2][-]{subsection.5.5.3}{\376\377\000G\000e\000s\000t\000i\000o\000n\000\040\000d\000e\000s\000\040\000c\000o\000u\000r\000r\000i\000e\000r\000s\000\040\000e\000n\000v\000o\000y\000\351\000s}{section.5.5}% 80
\BOOKMARK [3][-]{subsubsection.5.5.3.1}{\376\377\000C\000r\000\351\000a\000t\000i\000o\000n\000\040\000d\040\031\000u\000n\000\040\000n\000o\000u\000v\000e\000a\000u\000\040\000c\000o\000u\000r\000r\000i\000e\000r\000\040\000e\000n\000v\000o\000y\000\351}{subsection.5.5.3}% 81
\BOOKMARK [2][-]{subsection.5.5.4}{\376\377\000M\000e\000s\000s\000a\000g\000e\000r\000i\000e\000\040\000i\000n\000t\000e\000r\000n\000e}{section.5.5}% 82
\BOOKMARK [3][-]{subsubsection.5.5.4.1}{\376\377\000C\000r\000\351\000a\000t\000i\000o\000n\000\040\000d\040\031\000u\000n\000\040\000n\000o\000u\000v\000e\000a\000u\000\040\000m\000e\000s\000s\000a\000g\000e}{subsection.5.5.4}% 83
\BOOKMARK [3][-]{subsubsection.5.5.4.2}{\376\377\000C\000o\000n\000s\000u\000l\000t\000a\000t\000i\000o\000n\000\040\000d\000e\000s\000\040\000m\000e\000s\000s\000a\000g\000e\000s}{subsection.5.5.4}% 84
\BOOKMARK [2][-]{subsection.5.5.5}{\376\377\000G\000e\000s\000t\000i\000o\000n\000\040\000d\000e\000s\000\040\000a\000r\000c\000h\000i\000v\000e\000s}{section.5.5}% 85
\BOOKMARK [3][-]{subsubsection.5.5.5.1}{\376\377\000R\000e\000c\000h\000e\000r\000c\000h\000e\000\040\000e\000t\000\040\000f\000i\000l\000t\000r\000a\000g\000e\000\040\000d\000e\000s\000\040\000c\000o\000u\000r\000r\000i\000e\000r\000s\000\040\000a\000r\000c\000h\000i\000v\000\351\000s}{subsection.5.5.5}% 86
\BOOKMARK [2][-]{subsection.5.5.6}{\376\377\000G\000e\000s\000t\000i\000o\000n\000\040\000d\000e\000\040\000l\040\031\000a\000d\000m\000i\000n\000i\000s\000t\000r\000a\000t\000i\000o\000n}{section.5.5}% 87
\BOOKMARK [3][-]{subsubsection.5.5.6.1}{\376\377\000G\000e\000s\000t\000i\000o\000n\000\040\000d\000e\000s\000\040\000u\000t\000i\000l\000i\000s\000a\000t\000e\000u\000r\000s}{subsection.5.5.6}% 88
\BOOKMARK [3][-]{subsubsection.5.5.6.2}{\376\377\000A\000f\000f\000i\000c\000h\000a\000g\000e\000\040\000d\000e\000s\000\040\000s\000t\000r\000u\000c\000t\000u\000r\000e\000s}{subsection.5.5.6}% 89
\BOOKMARK [3][-]{subsubsection.5.5.6.3}{\376\377\000C\000r\000\351\000a\000t\000i\000o\000n\000\040\000d\040\031\000u\000n\000e\000\040\000s\000t\000r\000u\000c\000t\000u\000r\000e}{subsection.5.5.6}% 90
\BOOKMARK [3][-]{subsubsection.5.5.6.4}{\376\377\000A\000f\000f\000i\000c\000h\000a\000g\000e\000\040\000d\000e\000s\000\040\000s\000e\000r\000v\000i\000c\000e\000s}{subsection.5.5.6}% 91
\BOOKMARK [3][-]{subsubsection.5.5.6.5}{\376\377\000C\000r\000\351\000a\000t\000i\000o\000n\000\040\000d\040\031\000u\000n\000\040\000s\000e\000r\000v\000i\000c\000e}{subsection.5.5.6}% 92
\BOOKMARK [3][-]{subsubsection.5.5.6.6}{\376\377\000A\000f\000f\000e\000c\000t\000a\000t\000i\000o\000n\000\040\000d\000e\000s\000\040\000r\000e\000s\000p\000o\000n\000s\000a\000b\000l\000e\000s}{subsection.5.5.6}% 93
\BOOKMARK [1][-]{section.5.6}{\376\377\000C\000o\000n\000c\000l\000u\000s\000i\000o\000n}{chapter.5}% 94
\BOOKMARK [0][-]{chapter.6}{\376\377\000S\000\351\000c\000u\000r\000i\000t\000\351\000\040\000g\000l\000o\000b\000a\000l\000e\000\040\000d\000e\000\040\000l\000'\000a\000p\000p\000l\000i\000c\000a\000t\000i\000o\000n}{}% 95
\BOOKMARK [1][-]{section.6.1}{\376\377\000I\000n\000t\000r\000o\000d\000u\000c\000t\000i\000o\000n}{chapter.6}% 96
\BOOKMARK [1][-]{section.6.2}{\376\377\000A\000u\000t\000h\000e\000n\000t\000i\000f\000i\000c\000a\000t\000i\000o\000n\000\040\000e\000t\000\040\000g\000e\000s\000t\000i\000o\000n\000\040\000d\000e\000s\000\040\000u\000t\000i\000l\000i\000s\000a\000t\000e\000u\000r\000s}{chapter.6}% 97
\BOOKMARK [1][-]{section.6.3}{\376\377\000S\000\351\000c\000u\000r\000i\000t\000\351\000\040\000n\000a\000t\000i\000v\000e\000\040\000o\000f\000f\000e\000r\000t\000e\000\040\000p\000a\000r\000\040\000L\000a\000r\000a\000v\000e\000l}{chapter.6}% 98
\BOOKMARK [1][-]{section.6.4}{\376\377\000R\000\364\000l\000e\000s\000,\000\040\000a\000u\000t\000o\000r\000i\000s\000a\000t\000i\000o\000n\000s\000\040\000e\000t\000\040\000c\000o\000n\000f\000i\000d\000e\000n\000t\000i\000a\000l\000i\000t\000\351\000\040\000d\000e\000s\000\040\000c\000o\000u\000r\000r\000i\000e\000r\000s}{chapter.6}% 99
\BOOKMARK [1][-]{section.6.5}{\376\377\000S\000\351\000c\000u\000r\000i\000t\000\351\000\040\000c\000\364\000t\000\351\000\040\000w\000e\000b\000,\000\040\000A\000P\000I\000\040\000e\000t\000\040\000f\000i\000c\000h\000i\000e\000r\000s}{chapter.6}% 100
\BOOKMARK [1][-]{section.6.6}{\376\377\000C\000o\000n\000c\000l\000u\000s\000i\000o\000n}{chapter.6}% 101
